[ERROR] 2014-02-11 16:21:18.876 com.jfinal.core.Config.startPlugins(Config.java:85) - Plugin start error: com.jfinal.plugin.activerecord.ActiveRecordPlugin
com.jfinal.plugin.activerecord.ActiveRecordException: com.mysql.jdbc.exceptions.jdbc4.MySQLSyntaxErrorException: Table 'wuliu.logistics_order_templet' doesn't exist
	at com.jfinal.plugin.activerecord.TableInfoBuilder.buildTableInfo(TableInfoBuilder.java:49)
	at com.jfinal.plugin.activerecord.ActiveRecordPlugin.start(ActiveRecordPlugin.java:106)
	at com.jfinal.core.Config.startPlugins(Config.java:78)
	at com.jfinal.core.Config.configJFinal(Config.java:48)
	at com.jfinal.core.JFinal.init(JFinal.java:65)
	at com.jfinal.core.JFinalFilter.init(JFinalFilter.java:48)
	at org.mortbay.jetty.servlet.FilterHolder.doStart(FilterHolder.java:97)
	at org.mortbay.component.AbstractLifeCycle.start(AbstractLifeCycle.java:50)
	at org.mortbay.jetty.servlet.ServletHandler.initialize(ServletHandler.java:713)
	at org.mortbay.jetty.servlet.Context.startContext(Context.java:140)
	at org.mortbay.jetty.webapp.WebAppContext.startContext(WebAppContext.java:1282)
	at org.mortbay.jetty.handler.ContextHandler.doStart(ContextHandler.java:518)
	at org.mortbay.jetty.webapp.WebAppContext.doStart(WebAppContext.java:499)
	at org.mortbay.component.AbstractLifeCycle.start(AbstractLifeCycle.java:50)
	at org.mortbay.jetty.handler.HandlerWrapper.doStart(HandlerWrapper.java:130)
	at org.mortbay.jetty.Server.doStart(Server.java:224)
	at org.mortbay.component.AbstractLifeCycle.start(AbstractLifeCycle.java:50)
	at com.jfinal.server.JettyServer.doStart(JettyServer.java:153)
	at com.jfinal.server.JettyServer.start(JettyServer.java:82)
	at com.jfinal.core.JFinal.start(JFinal.java:160)
	at com.maogousoft.wuliuweb.Run.main(Run.java:24)
Caused by: com.mysql.jdbc.exceptions.jdbc4.MySQLSyntaxErrorException: Table 'wuliu.logistics_order_templet' doesn't exist
	at sun.reflect.NativeConstructorAccessorImpl.newInstance0(Native Method)
	at sun.reflect.NativeConstructorAccessorImpl.newInstance(NativeConstructorAccessorImpl.java:57)
	at sun.reflect.DelegatingConstructorAccessorImpl.newInstance(DelegatingConstructorAccessorImpl.java:45)
	at java.lang.reflect.Constructor.newInstance(Constructor.java:534)
	at com.mysql.jdbc.Util.handleNewInstance(Util.java:411)
	at com.mysql.jdbc.Util.getInstance(Util.java:386)
	at com.mysql.jdbc.SQLError.createSQLException(SQLError.java:1052)
	at com.mysql.jdbc.MysqlIO.checkErrorPacket(MysqlIO.java:4096)
	at com.mysql.jdbc.MysqlIO.checkErrorPacket(MysqlIO.java:4028)
	at com.mysql.jdbc.MysqlIO.sendCommand(MysqlIO.java:2490)
	at com.mysql.jdbc.MysqlIO.sqlQueryDirect(MysqlIO.java:2651)
	at com.mysql.jdbc.ConnectionImpl.execSQL(ConnectionImpl.java:2677)
	at com.mysql.jdbc.ConnectionImpl.execSQL(ConnectionImpl.java:2627)
	at com.mysql.jdbc.StatementImpl.executeQuery(StatementImpl.java:1556)
	at com.mchange.v2.c3p0.impl.NewProxyStatement.executeQuery(NewProxyStatement.java:35)
	at com.jfinal.plugin.activerecord.TableInfoBuilder.doBuildTableInfo(TableInfoBuilder.java:61)
	at com.jfinal.plugin.activerecord.TableInfoBuilder.buildTableInfo(TableInfoBuilder.java:44)
	... 20 more
[WARN] 2014-02-11 16:21:18.881 org.mortbay.log.Slf4jLog.warn(Slf4jLog.java:76) - failed jfinal: java.lang.RuntimeException: Plugin start error: com.jfinal.plugin.activerecord.ActiveRecordPlugin
[ERROR] 2014-02-11 16:21:18.881 org.mortbay.log.Slf4jLog.warn(Slf4jLog.java:87) - Failed startup of context org.mortbay.jetty.webapp.WebAppContext@78dc9766{/,WebRoot}
java.lang.RuntimeException: Plugin start error: com.jfinal.plugin.activerecord.ActiveRecordPlugin
	at com.jfinal.core.Config.startPlugins(Config.java:86)
	at com.jfinal.core.Config.configJFinal(Config.java:48)
	at com.jfinal.core.JFinal.init(JFinal.java:65)
	at com.jfinal.core.JFinalFilter.init(JFinalFilter.java:48)
	at org.mortbay.jetty.servlet.FilterHolder.doStart(FilterHolder.java:97)
	at org.mortbay.component.AbstractLifeCycle.start(AbstractLifeCycle.java:50)
	at org.mortbay.jetty.servlet.ServletHandler.initialize(ServletHandler.java:713)
	at org.mortbay.jetty.servlet.Context.startContext(Context.java:140)
	at org.mortbay.jetty.webapp.WebAppContext.startContext(WebAppContext.java:1282)
	at org.mortbay.jetty.handler.ContextHandler.doStart(ContextHandler.java:518)
	at org.mortbay.jetty.webapp.WebAppContext.doStart(WebAppContext.java:499)
	at org.mortbay.component.AbstractLifeCycle.start(AbstractLifeCycle.java:50)
	at org.mortbay.jetty.handler.HandlerWrapper.doStart(HandlerWrapper.java:130)
	at org.mortbay.jetty.Server.doStart(Server.java:224)
	at org.mortbay.component.AbstractLifeCycle.start(AbstractLifeCycle.java:50)
	at com.jfinal.server.JettyServer.doStart(JettyServer.java:153)
	at com.jfinal.server.JettyServer.start(JettyServer.java:82)
	at com.jfinal.core.JFinal.start(JFinal.java:160)
	at com.maogousoft.wuliuweb.Run.main(Run.java:24)
Caused by: com.jfinal.plugin.activerecord.ActiveRecordException: com.mysql.jdbc.exceptions.jdbc4.MySQLSyntaxErrorException: Table 'wuliu.logistics_order_templet' doesn't exist
	at com.jfinal.plugin.activerecord.TableInfoBuilder.buildTableInfo(TableInfoBuilder.java:49)
	at com.jfinal.plugin.activerecord.ActiveRecordPlugin.start(ActiveRecordPlugin.java:106)
	at com.jfinal.core.Config.startPlugins(Config.java:78)
	... 18 more
Caused by: com.mysql.jdbc.exceptions.jdbc4.MySQLSyntaxErrorException: Table 'wuliu.logistics_order_templet' doesn't exist
	at sun.reflect.NativeConstructorAccessorImpl.newInstance0(Native Method)
	at sun.reflect.NativeConstructorAccessorImpl.newInstance(NativeConstructorAccessorImpl.java:57)
	at sun.reflect.DelegatingConstructorAccessorImpl.newInstance(DelegatingConstructorAccessorImpl.java:45)
	at java.lang.reflect.Constructor.newInstance(Constructor.java:534)
	at com.mysql.jdbc.Util.handleNewInstance(Util.java:411)
	at com.mysql.jdbc.Util.getInstance(Util.java:386)
	at com.mysql.jdbc.SQLError.createSQLException(SQLError.java:1052)
	at com.mysql.jdbc.MysqlIO.checkErrorPacket(MysqlIO.java:4096)
	at com.mysql.jdbc.MysqlIO.checkErrorPacket(MysqlIO.java:4028)
	at com.mysql.jdbc.MysqlIO.sendCommand(MysqlIO.java:2490)
	at com.mysql.jdbc.MysqlIO.sqlQueryDirect(MysqlIO.java:2651)
	at com.mysql.jdbc.ConnectionImpl.execSQL(ConnectionImpl.java:2677)
	at com.mysql.jdbc.ConnectionImpl.execSQL(ConnectionImpl.java:2627)
	at com.mysql.jdbc.StatementImpl.executeQuery(StatementImpl.java:1556)
	at com.mchange.v2.c3p0.impl.NewProxyStatement.executeQuery(NewProxyStatement.java:35)
	at com.jfinal.plugin.activerecord.TableInfoBuilder.doBuildTableInfo(TableInfoBuilder.java:61)
	at com.jfinal.plugin.activerecord.TableInfoBuilder.buildTableInfo(TableInfoBuilder.java:44)
	... 20 more
[WARN] 2014-02-11 16:22:28.597 com.mchange.v2.async.ThreadPoolAsynchronousRunner$DeadlockDetector.run(ThreadPoolAsynchronousRunner.java:608) - com.mchange.v2.async.ThreadPoolAsynchronousRunner$DeadlockDetector@7219d6af -- APPARENT DEADLOCK!!! Creating emergency threads for unassigned pending tasks!
[WARN] 2014-02-11 16:22:28.599 com.mchange.v2.async.ThreadPoolAsynchronousRunner$DeadlockDetector.run(ThreadPoolAsynchronousRunner.java:624) - com.mchange.v2.async.ThreadPoolAsynchronousRunner$DeadlockDetector@7219d6af -- APPARENT DEADLOCK!!! Complete Status: 
	Managed Threads: 3
	Active Threads: 3
	Active Tasks: 
		com.mchange.v2.resourcepool.BasicResourcePool$AcquireTask@3a42f352 (com.mchange.v2.async.ThreadPoolAsynchronousRunner$PoolThread-#0)
		com.mchange.v2.resourcepool.BasicResourcePool$AcquireTask@174aa60 (com.mchange.v2.async.ThreadPoolAsynchronousRunner$PoolThread-#1)
		com.mchange.v2.resourcepool.BasicResourcePool$AcquireTask@125d855f (com.mchange.v2.async.ThreadPoolAsynchronousRunner$PoolThread-#2)
	Pending Tasks: 
		com.mchange.v2.resourcepool.BasicResourcePool$AcquireTask@39df2964
		com.mchange.v2.resourcepool.BasicResourcePool$AcquireTask@6a1681ea
		com.mchange.v2.resourcepool.BasicResourcePool$AcquireTask@6bab600f
		com.mchange.v2.resourcepool.BasicResourcePool$AcquireTask@402fb002
		com.mchange.v2.resourcepool.BasicResourcePool$AcquireTask@7acc7439
		com.mchange.v2.resourcepool.BasicResourcePool$AcquireTask@4e2892b
Pool thread stack traces:
	Thread[com.mchange.v2.async.ThreadPoolAsynchronousRunner$PoolThread-#1,5,main]
		java.lang.Thread.sleep(Native Method)
		com.mchange.v2.resourcepool.BasicResourcePool$AcquireTask.run(BasicResourcePool.java:1805)
		com.mchange.v2.async.ThreadPoolAsynchronousRunner$PoolThread.run(ThreadPoolAsynchronousRunner.java:547)
	Thread[com.mchange.v2.async.ThreadPoolAsynchronousRunner$PoolThread-#0,5,main]
		java.lang.Thread.sleep(Native Method)
		com.mchange.v2.resourcepool.BasicResourcePool$AcquireTask.run(BasicResourcePool.java:1805)
		com.mchange.v2.async.ThreadPoolAsynchronousRunner$PoolThread.run(ThreadPoolAsynchronousRunner.java:547)
	Thread[com.mchange.v2.async.ThreadPoolAsynchronousRunner$PoolThread-#2,5,main]
		java.lang.Thread.sleep(Native Method)
		com.mchange.v2.resourcepool.BasicResourcePool$AcquireTask.run(BasicResourcePool.java:1805)
		com.mchange.v2.async.ThreadPoolAsynchronousRunner$PoolThread.run(ThreadPoolAsynchronousRunner.java:547)


[DEBUG] 2014-02-11 16:44:38.248 com.maogousoft.wuliuweb.service.SmsService.send(SmsService.java:97) - smscontent:<?xml version="1.0" encoding="utf-8"?><soap:Envelope xmlns:xsi="http://www.w3.org/2001/XMLSchema-instance" xmlns:xsd="http://www.w3.org/2001/XMLSchema" xmlns:soap="http://schemas.xmlsoap.org/soap/envelope/"><soap:Body><mt xmlns="http://tempuri.org/"><sn>SDK-SZW-010-00007</sn><pwd>17EE4FEE74FF00D79442D032A7376D85</pwd><mobile>13980906616</mobile><content>易运宝注册验证码：123814【易运宝】</content><ext></ext><stime></stime><rrid></rrid></mt></soap:Body></soap:Envelope>
[DEBUG] 2014-02-11 16:44:41.550 com.maogousoft.wuliuweb.service.SmsService.send(SmsService.java:123) - sms result:11164441118126835
